2025-07-17 16:45:19 [info]: 📡 Incoming request {
  "ip": "::1"
}
2025-07-17 16:45:19 [info]: ✅ Secret token verified 
2025-07-17 16:45:19 [info]: ✅ Rate limit OK {
  "ip": "::1"
}
2025-07-17 16:45:19 [info]: 📡 Incoming request {
  "ip": "::1"
}
2025-07-17 16:45:19 [info]: ✅ Secret token verified 
2025-07-17 16:45:19 [info]: ✅ Rate limit OK {
  "ip": "::1"
}
2025-07-17 16:45:19 [info]: 📥 Fetching all roles {
  "action": "getAllRole",
  "page": 1,
  "limit": 1000000
}
2025-07-17 16:45:19 [info]: ✅ Roles retrieved {
  "total": 4,
  "count": 4,
  "page": 1,
  "ip": "::1"
}
2025-07-17 16:45:19 [info]: 📡 Incoming request {
  "ip": "::1"
}
2025-07-17 16:45:19 [info]: ✅ Secret token verified 
2025-07-17 16:45:19 [info]: ✅ Rate limit OK {
  "ip": "::1"
}
2025-07-17 16:45:19 [info]: 📡 Incoming request {
  "ip": "::1"
}
2025-07-17 16:45:19 [info]: ✅ Secret token verified 
2025-07-17 16:45:19 [info]: ✅ Rate limit OK {
  "ip": "::1"
}
2025-07-17 16:45:19 [info]: 📥 Fetching all roles {
  "action": "getAllRole",
  "page": 1,
  "limit": 1000000
}
2025-07-17 16:45:19 [info]: ✅ Roles retrieved {
  "total": 4,
  "count": 4,
  "page": 1,
  "ip": "::1"
}
